0 info it worked if it ends with ok
1 verbose cli [ '/usr/local/bin/node',
1 verbose cli   '/usr/local/lib/node_modules/cnpm/node_modules/.bin/npm',
1 verbose cli   '--userconfig=/Users/louis/.cnpmrc',
1 verbose cli   '--disturl=https://npm.taobao.org/mirrors/node',
1 verbose cli   '--registry=https://registry.npm.taobao.org',
1 verbose cli   'rebuild',
1 verbose cli   'node-sass' ]
2 info using npm@3.10.10
3 info using node@v6.10.2
4 info readInstalled object
5 verbose rebuild path, id [ '/Users/louis/Documents/test/node_modules/_node-sass@4.5.2@node-sass',
5 verbose rebuild   'node-sass@4.5.2' ]
6 silly rebuild set [ '/Users/louis/Documents/test/node_modules/_node-sass@4.5.2@node-sass' ]
7 info build /Users/louis/Documents/test/node_modules/_node-sass@4.5.2@node-sass
8 info lifecycle node-sass@4.5.2~preinstall: node-sass@4.5.2
9 silly lifecycle node-sass@4.5.2~preinstall: no script for preinstall, continuing
10 info linkStuff node-sass@4.5.2
11 silly linkStuff node-sass@4.5.2 has /Users/louis/Documents/test/node_modules as its parent node_modules
12 verbose linkBins node-sass@4.5.2
13 verbose link bins [ { 'node-sass': 'bin/node-sass' },
13 verbose link bins   '/Users/louis/Documents/test/node_modules/.bin',
13 verbose link bins   false ]
14 verbose linkMans node-sass@4.5.2
15 verbose rebuildBundles node-sass@4.5.2
16 verbose rebuildBundles [ '.bin',
16 verbose rebuildBundles   'async-foreach',
16 verbose rebuildBundles   'chalk',
16 verbose rebuildBundles   'cross-spawn',
16 verbose rebuildBundles   'get-stdin',
16 verbose rebuildBundles   'glob',
16 verbose rebuildBundles   'in-publish',
16 verbose rebuildBundles   'lodash.assign',
16 verbose rebuildBundles   'lodash.clonedeep',
16 verbose rebuildBundles   'lodash.mergewith',
16 verbose rebuildBundles   'mkdirp',
16 verbose rebuildBundles   'nan',
16 verbose rebuildBundles   'stdout-stream' ]
17 info lifecycle node-sass@4.5.2~install: node-sass@4.5.2
18 verbose lifecycle node-sass@4.5.2~install: unsafe-perm in lifecycle true
19 verbose lifecycle node-sass@4.5.2~install: PATH: /usr/local/lib/node_modules/cnpm/node_modules/npm/bin/node-gyp-bin:/Users/louis/Documents/test/node_modules/_node-sass@4.5.2@node-sass/node_modules/.bin:/Users/louis/Documents/test/node_modules/.bin:/usr/local/bin:/usr/bin:/bin:/usr/sbin:/sbin
20 verbose lifecycle node-sass@4.5.2~install: CWD: /Users/louis/Documents/test/node_modules/_node-sass@4.5.2@node-sass
21 silly lifecycle node-sass@4.5.2~install: Args: [ '-c', 'node scripts/install.js' ]
22 silly lifecycle node-sass@4.5.2~install: Returned: code: 1  signal: null
23 info lifecycle node-sass@4.5.2~install: Failed to exec install script
24 verbose stack Error: node-sass@4.5.2 install: `node scripts/install.js`
24 verbose stack Exit status 1
24 verbose stack     at EventEmitter.<anonymous> (/usr/local/lib/node_modules/cnpm/node_modules/npm/lib/utils/lifecycle.js:255:16)
24 verbose stack     at emitTwo (events.js:106:13)
24 verbose stack     at EventEmitter.emit (events.js:191:7)
24 verbose stack     at ChildProcess.<anonymous> (/usr/local/lib/node_modules/cnpm/node_modules/npm/lib/utils/spawn.js:40:14)
24 verbose stack     at emitTwo (events.js:106:13)
24 verbose stack     at ChildProcess.emit (events.js:191:7)
24 verbose stack     at maybeClose (internal/child_process.js:886:16)
24 verbose stack     at Process.ChildProcess._handle.onexit (internal/child_process.js:226:5)
25 verbose pkgid node-sass@4.5.2
26 verbose cwd /Users/louis/Documents/test
27 error Darwin 16.4.0
28 error argv "/usr/local/bin/node" "/usr/local/lib/node_modules/cnpm/node_modules/.bin/npm" "--userconfig=/Users/louis/.cnpmrc" "--disturl=https://npm.taobao.org/mirrors/node" "--registry=https://registry.npm.taobao.org" "rebuild" "node-sass"
29 error node v6.10.2
30 error npm  v3.10.10
31 error code ELIFECYCLE
32 error node-sass@4.5.2 install: `node scripts/install.js`
32 error Exit status 1
33 error Failed at the node-sass@4.5.2 install script 'node scripts/install.js'.
33 error Make sure you have the latest version of node.js and npm installed.
33 error If you do, this is most likely a problem with the node-sass package,
33 error not with npm itself.
33 error Tell the author that this fails on your system:
33 error     node scripts/install.js
33 error You can get information on how to open an issue for this project with:
33 error     npm bugs node-sass
33 error Or if that isn't available, you can get their info via:
33 error     npm owner ls node-sass
33 error There is likely additional logging output above.
34 verbose exit [ 1, true ]
